<!DOCTYPE html>

<html>
  <head>
  <meta charset='utf-8'>
  <title>TestNG reports</title>

    <link type="text/css" href="testng-reports.css" rel="stylesheet" />
    <script type="text/javascript" src="jquery-3.4.1.min.js"></script>
    <script type="text/javascript" src="testng-reports.js"></script>
    <script type="text/javascript" src="https://www.google.com/jsapi"></script>
    <script type='text/javascript'>
      google.load('visualization', '1', {packages:['table']});
      google.setOnLoadCallback(drawTable);
      var suiteTableInitFunctions = new Array();
      var suiteTableData = new Array();
    </script>
    <!--
      <script type="text/javascript" src="jquery-ui/js/jquery-ui-1.8.16.custom.min.js"></script>
     -->
  </head>

  <body>
    <div class="top-banner-root">
      <span class="top-banner-title-font">Test results</span>
      <br/>
      <span class="top-banner-font-1">1 suite, 3 failed tests</span>
    </div> <!-- top-banner-root -->
    <div class="navigator-root">
      <div class="navigator-suite-header">
        <span>All suites</span>
        <a href="#" title="Collapse/expand all the suites" class="collapse-all-link">
          <img src="collapseall.gif" class="collapse-all-icon">
          </img> <!-- collapse-all-icon -->
        </a> <!-- collapse-all-link -->
      </div> <!-- navigator-suite-header -->
      <div class="suite">
        <div class="rounded-window">
          <div class="suite-header light-rounded-window-top">
            <a href="#" panel-name="suite-TestSuite" class="navigator-link">
              <span class="suite-name border-failed">TestSuite</span>
            </a> <!-- navigator-link -->
          </div> <!-- suite-header light-rounded-window-top -->
          <div class="navigator-suite-content">
            <div class="suite-section-title">
              <span>Info</span>
            </div> <!-- suite-section-title -->
            <div class="suite-section-content">
              <ul>
                <li>
                  <a href="#" panel-name="test-xml-TestSuite" class="navigator-link ">
                    <span>EbayRunner.xml</span>
                  </a> <!-- navigator-link  -->
                </li>
                <li>
                  <a href="#" panel-name="testlist-TestSuite" class="navigator-link ">
                    <span class="test-stats">1 test</span>
                  </a> <!-- navigator-link  -->
                </li>
                <li>
                  <a href="#" panel-name="group-TestSuite" class="navigator-link ">
                    <span>0 groups</span>
                  </a> <!-- navigator-link  -->
                </li>
                <li>
                  <a href="#" panel-name="times-TestSuite" class="navigator-link ">
                    <span>Times</span>
                  </a> <!-- navigator-link  -->
                </li>
                <li>
                  <a href="#" panel-name="reporter-TestSuite" class="navigator-link ">
                    <span>Reporter output</span>
                  </a> <!-- navigator-link  -->
                </li>
                <li>
                  <a href="#" panel-name="ignored-methods-TestSuite" class="navigator-link ">
                    <span>Ignored methods</span>
                  </a> <!-- navigator-link  -->
                </li>
                <li>
                  <a href="#" panel-name="chronological-TestSuite" class="navigator-link ">
                    <span>Chronological view</span>
                  </a> <!-- navigator-link  -->
                </li>
              </ul>
            </div> <!-- suite-section-content -->
            <div class="result-section">
              <div class="suite-section-title">
                <span>Results</span>
              </div> <!-- suite-section-title -->
              <div class="suite-section-content">
                <ul>
                  <li>
                    <span class="method-stats">14 methods, 3 failed,   11 passed</span>
                  </li>
                  <li>
                    <span class="method-list-title failed">Failed methods</span>
                    <span class="show-or-hide-methods failed">
                      <a href="#" panel-name="suite-TestSuite" class="hide-methods failed suite-TestSuite"> (hide)</a> <!-- hide-methods failed suite-TestSuite -->
                      <a href="#" panel-name="suite-TestSuite" class="show-methods failed suite-TestSuite"> (show)</a> <!-- show-methods failed suite-TestSuite -->
                    </span>
                    <div class="method-list-content failed suite-TestSuite">
                      <span>
                        <img src="failed.png" width="3%"/>
                        <a href="#" panel-name="suite-TestSuite" title="regressionTest.BrokenLinksTest" class="method navigator-link" hash-for-method="ebayLinksActivlinksTest">ebayLinksActivlinksTest</a> <!-- method navigator-link -->
                      </span>
                      <br/>
                      <span>
                        <img src="failed.png" width="3%"/>
                        <a href="#" panel-name="suite-TestSuite" title="regressionTest.DragAndDropClassTest" class="method navigator-link" hash-for-method="setDragAndDropsTest">setDragAndDropsTest</a> <!-- method navigator-link -->
                      </span>
                      <br/>
                      <span>
                        <img src="failed.png" width="3%"/>
                        <a href="#" panel-name="suite-TestSuite" title="regressionTest.DragAndDropClassTest" class="method navigator-link" hash-for-method="setDragAndDropsValidationTest">setDragAndDropsValidationTest</a> <!-- method navigator-link -->
                      </span>
                      <br/>
                    </div> <!-- method-list-content failed suite-TestSuite -->
                  </li>
                  <li>
                    <span class="method-list-title passed">Passed methods</span>
                    <span class="show-or-hide-methods passed">
                      <a href="#" panel-name="suite-TestSuite" class="hide-methods passed suite-TestSuite"> (hide)</a> <!-- hide-methods passed suite-TestSuite -->
                      <a href="#" panel-name="suite-TestSuite" class="show-methods passed suite-TestSuite"> (show)</a> <!-- show-methods passed suite-TestSuite -->
                    </span>
                    <div class="method-list-content passed suite-TestSuite">
                      <span>
                        <img src="passed.png" width="3%"/>
                        <a href="#" panel-name="suite-TestSuite" title="regressionTest.NewWindowClassTest" class="method navigator-link" hash-for-method="newWindowTest">newWindowTest</a> <!-- method navigator-link -->
                      </span>
                      <br/>
                      <span>
                        <img src="passed.png" width="3%"/>
                        <a href="#" panel-name="suite-TestSuite" title="regressionTest.NewWindowClassTest" class="method navigator-link" hash-for-method="newWindowVerificationTest">newWindowVerificationTest</a> <!-- method navigator-link -->
                      </span>
                      <br/>
                      <span>
                        <img src="passed.png" width="3%"/>
                        <a href="#" panel-name="suite-TestSuite" title="homeTest.MotorsClassTest" class="method navigator-link" hash-for-method="setBoatTest">setBoatTest</a> <!-- method navigator-link -->
                      </span>
                      <br/>
                      <span>
                        <img src="passed.png" width="3%"/>
                        <a href="#" panel-name="suite-TestSuite" title="homeTest.MotorsClassTest" class="method navigator-link" hash-for-method="setBoatVerificationTest">setBoatVerificationTest</a> <!-- method navigator-link -->
                      </span>
                      <br/>
                      <span>
                        <img src="passed.png" width="3%"/>
                        <a href="#" panel-name="suite-TestSuite" title="homeTest.MotorsClassTest" class="method navigator-link" hash-for-method="setClassicTest">setClassicTest</a> <!-- method navigator-link -->
                      </span>
                      <br/>
                      <span>
                        <img src="passed.png" width="3%"/>
                        <a href="#" panel-name="suite-TestSuite" title="homeTest.MotorsClassTest" class="method navigator-link" hash-for-method="setClassicVerificationTest">setClassicVerificationTest</a> <!-- method navigator-link -->
                      </span>
                      <br/>
                      <span>
                        <img src="passed.png" width="3%"/>
                        <a href="#" panel-name="suite-TestSuite" title="regressionTest.IFrameClassTest" class="method navigator-link" hash-for-method="setIFrameTest">setIFrameTest</a> <!-- method navigator-link -->
                      </span>
                      <br/>
                      <span>
                        <img src="passed.png" width="3%"/>
                        <a href="#" panel-name="suite-TestSuite" title="homeTest.HomeClassTest" class="method navigator-link" hash-for-method="setLogoSignTest">setLogoSignTest</a> <!-- method navigator-link -->
                      </span>
                      <br/>
                      <span>
                        <img src="passed.png" width="3%"/>
                        <a href="#" panel-name="suite-TestSuite" title="homeTest.HomeClassTest" class="method navigator-link" hash-for-method="setLogoSignValidationTest">setLogoSignValidationTest</a> <!-- method navigator-link -->
                      </span>
                      <br/>
                      <span>
                        <img src="passed.png" width="3%"/>
                        <a href="#" panel-name="suite-TestSuite" title="homeTest.MotorsClassTest" class="method navigator-link" hash-for-method="setMotorCycleVerificationTest">setMotorCycleVerificationTest</a> <!-- method navigator-link -->
                      </span>
                      <br/>
                      <span>
                        <img src="passed.png" width="3%"/>
                        <a href="#" panel-name="suite-TestSuite" title="homeTest.MotorsClassTest" class="method navigator-link" hash-for-method="setMotorCyclesTest">setMotorCyclesTest</a> <!-- method navigator-link -->
                      </span>
                      <br/>
                    </div> <!-- method-list-content passed suite-TestSuite -->
                  </li>
                </ul>
              </div> <!-- suite-section-content -->
            </div> <!-- result-section -->
          </div> <!-- navigator-suite-content -->
        </div> <!-- rounded-window -->
      </div> <!-- suite -->
    </div> <!-- navigator-root -->
    <div class="wrapper">
      <div class="main-panel-root">
        <div panel-name="suite-TestSuite" class="panel TestSuite">
          <div class="suite-TestSuite-class-failed">
            <div class="main-panel-header rounded-window-top">
              <img src="failed.png"/>
              <span class="class-name">regressionTest.DragAndDropClassTest</span>
            </div> <!-- main-panel-header rounded-window-top -->
            <div class="main-panel-content rounded-window-bottom">
              <div class="method">
                <div class="method-content">
                  <a name="setDragAndDropsTest">
                  </a> <!-- setDragAndDropsTest -->
                  <span class="method-name">setDragAndDropsTest</span>
                  <div class="stack-trace">org.openqa.selenium.json.JsonException: java.lang.reflect.InvocationTargetException
Build info: version: &apos;3.141.59&apos;, revision: &apos;e82be7d358&apos;, time: &apos;2018-11-14T08:17:03&apos;
System info: host: &apos;MacBook-Pro-2.home&apos;, ip: &apos;fd4b:8d38:69ba:1:d141:bba4:860f:aef5%en0&apos;, os.name: &apos;Mac OS X&apos;, os.arch: &apos;x86_64&apos;, os.version: &apos;10.15.6&apos;, java.version: &apos;14.0.1&apos;
Driver info: driver.version: RemoteWebDriver
	at org.openqa.selenium.json.JsonOutput.convertUsingMethod(JsonOutput.java:332)
	at org.openqa.selenium.json.JsonOutput.lambda$new$16(JsonOutput.java:155)
	at org.openqa.selenium.json.JsonOutput.write(JsonOutput.java:264)
	at org.openqa.selenium.json.JsonOutput.lambda$null$21(JsonOutput.java:168)
	at java.base/java.util.LinkedHashMap$LinkedValues.forEach(LinkedHashMap.java:647)
	at org.openqa.selenium.json.JsonOutput.lambda$new$22(JsonOutput.java:168)
	at org.openqa.selenium.json.JsonOutput.write(JsonOutput.java:264)
	at org.openqa.selenium.json.JsonOutput.lambda$null$23(JsonOutput.java:177)
	at com.google.common.collect.SingletonImmutableBiMap.forEach(SingletonImmutableBiMap.java:65)
	at org.openqa.selenium.json.JsonOutput.lambda$new$24(JsonOutput.java:176)
	at org.openqa.selenium.json.JsonOutput.write(JsonOutput.java:264)
	at org.openqa.selenium.json.JsonOutput.write(JsonOutput.java:255)
	at org.openqa.selenium.json.Json.toJson(Json.java:42)
	at org.openqa.selenium.remote.http.AbstractHttpCommandCodec.encode(AbstractHttpCommandCodec.java:227)
	at org.openqa.selenium.remote.http.AbstractHttpCommandCodec.encode(AbstractHttpCommandCodec.java:117)
	at org.openqa.selenium.remote.HttpCommandExecutor.execute(HttpCommandExecutor.java:152)
	at org.openqa.selenium.remote.service.DriverCommandExecutor.execute(DriverCommandExecutor.java:83)
	at org.openqa.selenium.remote.RemoteWebDriver.execute(RemoteWebDriver.java:552)
	at org.openqa.selenium.remote.RemoteWebDriver.perform(RemoteWebDriver.java:618)
	at org.openqa.selenium.interactions.Actions$BuiltAction.perform(Actions.java:639)
	at regression.DragAndDropClass.setDragAndDrops(DragAndDropClass.java:34)
	at regressionTest.DragAndDropClassTest.setDragAndDropsTest(DragAndDropClassTest.java:21)
	at java.base/java.util.ArrayList.forEach(ArrayList.java:1510)
	Suppressed: org.openqa.selenium.json.JsonException: Attempting to close incomplete json stream
Build info: version: &apos;3.141.59&apos;, revision: &apos;e82be7d358&apos;, time: &apos;2018-11-14T08:17:03&apos;
System info: host: &apos;MacBook-Pro-2.home&apos;, ip: &apos;fd4b:8d38:69ba:1:d141:bba4:860f:aef5%en0&apos;, os.name: &apos;Mac OS X&apos;, os.arch: &apos;x86_64&apos;, os.version: &apos;10.15.6&apos;, java.version: &apos;14.0.1&apos;
Driver info: driver.version: RemoteWebDriver
		at org.openqa.selenium.json.JsonOutput.close(JsonOutput.java:279)
		at org.openqa.selenium.json.Json.toJson(Json.java:44)
		... 41 more
	at org.openqa.selenium.json.JsonOutput.convertUsingMethod(JsonOutput.java:328)
	... 53 more
Caused by: org.openqa.selenium.NoSuchElementException: no such element: Unable to locate element: {&quot;method&quot;:&quot;xpath&quot;,&quot;selector&quot;:&quot;//a[contains(text(),&apos;BANK&apos;)]&quot;}
  (Session info: chrome=85.0.4183.83)
For documentation on this error, please visit: https://www.seleniumhq.org/exceptions/no_such_element.html
Build info: version: &apos;3.141.59&apos;, revision: &apos;e82be7d358&apos;, time: &apos;2018-11-14T08:17:03&apos;
System info: host: &apos;MacBook-Pro-2.home&apos;, ip: &apos;fd4b:8d38:69ba:1:d141:bba4:860f:aef5%en0&apos;, os.name: &apos;Mac OS X&apos;, os.arch: &apos;x86_64&apos;, os.version: &apos;10.15.6&apos;, java.version: &apos;14.0.1&apos;
Driver info: org.openqa.selenium.chrome.ChromeDriver
Capabilities {acceptInsecureCerts: false, browserName: chrome, browserVersion: 85.0.4183.83, chrome: {chromedriverVersion: 85.0.4183.87 (cd6713ebf92fa..., userDataDir: /var/folders/wz/dgqm41w90yg...}, goog:chromeOptions: {debuggerAddress: localhost:54642}, javascriptEnabled: true, networkConnectionEnabled: false, pageLoadStrategy: normal, platform: MAC, platformName: MAC, proxy: Proxy(), setWindowRect: true, strictFileInteractability: false, timeouts: {implicit: 0, pageLoad: 300000, script: 30000}, unhandledPromptBehavior: dismiss and notify, webauthn:virtualAuthenticators: true}
Session ID: a7d8fc1d9c835157576185b9e393f255
*** Element info: {Using=xpath, value=//a[contains(text(),&apos;BANK&apos;)]}
	at org.openqa.selenium.remote.http.W3CHttpResponseCodec.createException(W3CHttpResponseCodec.java:187)
	at org.openqa.selenium.remote.http.W3CHttpResponseCodec.decode(W3CHttpResponseCodec.java:122)
	at org.openqa.selenium.remote.http.W3CHttpResponseCodec.decode(W3CHttpResponseCodec.java:49)
	at org.openqa.selenium.remote.HttpCommandExecutor.execute(HttpCommandExecutor.java:158)
	at org.openqa.selenium.remote.service.DriverCommandExecutor.execute(DriverCommandExecutor.java:83)
	at org.openqa.selenium.remote.RemoteWebDriver.execute(RemoteWebDriver.java:552)
	at org.openqa.selenium.remote.RemoteWebDriver.findElement(RemoteWebDriver.java:323)
	at org.openqa.selenium.remote.RemoteWebDriver.findElementByXPath(RemoteWebDriver.java:428)
	at org.openqa.selenium.By$ByXPath.findElement(By.java:353)
	at org.openqa.selenium.remote.RemoteWebDriver.findElement(RemoteWebDriver.java:315)
	at org.openqa.selenium.support.pagefactory.DefaultElementLocator.findElement(DefaultElementLocator.java:69)
	at org.openqa.selenium.support.pagefactory.internal.LocatingElementHandler.invoke(LocatingElementHandler.java:38)
	at com.sun.proxy.$Proxy14.getWrappedElement(Unknown Source)
	at org.openqa.selenium.interactions.PointerInput$Origin.asArg(PointerInput.java:204)
	at org.openqa.selenium.interactions.PointerInput$Move.encode(PointerInput.java:155)
	at org.openqa.selenium.interactions.Sequence.encode(Sequence.java:75)
	at org.openqa.selenium.interactions.Sequence.toJson(Sequence.java:84)
	... 58 more
... Removed 41 stack frames
</div> <!-- stack-trace -->
                </div> <!-- method-content -->
              </div> <!-- method -->
              <div class="method">
                <div class="method-content">
                  <a name="setDragAndDropsValidationTest">
                  </a> <!-- setDragAndDropsValidationTest -->
                  <span class="method-name">setDragAndDropsValidationTest</span>
                  <div class="stack-trace">org.openqa.selenium.json.JsonException: java.lang.reflect.InvocationTargetException
Build info: version: &apos;3.141.59&apos;, revision: &apos;e82be7d358&apos;, time: &apos;2018-11-14T08:17:03&apos;
System info: host: &apos;MacBook-Pro-2.home&apos;, ip: &apos;fd4b:8d38:69ba:1:d141:bba4:860f:aef5%en0&apos;, os.name: &apos;Mac OS X&apos;, os.arch: &apos;x86_64&apos;, os.version: &apos;10.15.6&apos;, java.version: &apos;14.0.1&apos;
Driver info: driver.version: RemoteWebDriver
	at org.openqa.selenium.json.JsonOutput.convertUsingMethod(JsonOutput.java:332)
	at org.openqa.selenium.json.JsonOutput.lambda$new$16(JsonOutput.java:155)
	at org.openqa.selenium.json.JsonOutput.write(JsonOutput.java:264)
	at org.openqa.selenium.json.JsonOutput.lambda$null$21(JsonOutput.java:168)
	at java.base/java.util.LinkedHashMap$LinkedValues.forEach(LinkedHashMap.java:647)
	at org.openqa.selenium.json.JsonOutput.lambda$new$22(JsonOutput.java:168)
	at org.openqa.selenium.json.JsonOutput.write(JsonOutput.java:264)
	at org.openqa.selenium.json.JsonOutput.lambda$null$23(JsonOutput.java:177)
	at com.google.common.collect.SingletonImmutableBiMap.forEach(SingletonImmutableBiMap.java:65)
	at org.openqa.selenium.json.JsonOutput.lambda$new$24(JsonOutput.java:176)
	at org.openqa.selenium.json.JsonOutput.write(JsonOutput.java:264)
	at org.openqa.selenium.json.JsonOutput.write(JsonOutput.java:255)
	at org.openqa.selenium.json.Json.toJson(Json.java:42)
	at org.openqa.selenium.remote.http.AbstractHttpCommandCodec.encode(AbstractHttpCommandCodec.java:227)
	at org.openqa.selenium.remote.http.AbstractHttpCommandCodec.encode(AbstractHttpCommandCodec.java:117)
	at org.openqa.selenium.remote.HttpCommandExecutor.execute(HttpCommandExecutor.java:152)
	at org.openqa.selenium.remote.service.DriverCommandExecutor.execute(DriverCommandExecutor.java:83)
	at org.openqa.selenium.remote.RemoteWebDriver.execute(RemoteWebDriver.java:552)
	at org.openqa.selenium.remote.RemoteWebDriver.perform(RemoteWebDriver.java:618)
	at org.openqa.selenium.interactions.Actions$BuiltAction.perform(Actions.java:639)
	at regression.DragAndDropClass.setDragAndDrops(DragAndDropClass.java:34)
	at regressionTest.DragAndDropClassTest.setDragAndDropsTest(DragAndDropClassTest.java:21)
	at regressionTest.DragAndDropClassTest.setDragAndDropsValidationTest(DragAndDropClassTest.java:27)
	at java.base/java.util.ArrayList.forEach(ArrayList.java:1510)
	Suppressed: org.openqa.selenium.json.JsonException: Attempting to close incomplete json stream
Build info: version: &apos;3.141.59&apos;, revision: &apos;e82be7d358&apos;, time: &apos;2018-11-14T08:17:03&apos;
System info: host: &apos;MacBook-Pro-2.home&apos;, ip: &apos;fd4b:8d38:69ba:1:d141:bba4:860f:aef5%en0&apos;, os.name: &apos;Mac OS X&apos;, os.arch: &apos;x86_64&apos;, os.version: &apos;10.15.6&apos;, java.version: &apos;14.0.1&apos;
Driver info: driver.version: RemoteWebDriver
		at org.openqa.selenium.json.JsonOutput.close(JsonOutput.java:279)
		at org.openqa.selenium.json.Json.toJson(Json.java:44)
		... 42 more
	at org.openqa.selenium.json.JsonOutput.convertUsingMethod(JsonOutput.java:328)
	... 54 more
Caused by: org.openqa.selenium.NoSuchElementException: no such element: Unable to locate element: {&quot;method&quot;:&quot;xpath&quot;,&quot;selector&quot;:&quot;//a[contains(text(),&apos;BANK&apos;)]&quot;}
  (Session info: chrome=85.0.4183.83)
For documentation on this error, please visit: https://www.seleniumhq.org/exceptions/no_such_element.html
Build info: version: &apos;3.141.59&apos;, revision: &apos;e82be7d358&apos;, time: &apos;2018-11-14T08:17:03&apos;
System info: host: &apos;MacBook-Pro-2.home&apos;, ip: &apos;fd4b:8d38:69ba:1:d141:bba4:860f:aef5%en0&apos;, os.name: &apos;Mac OS X&apos;, os.arch: &apos;x86_64&apos;, os.version: &apos;10.15.6&apos;, java.version: &apos;14.0.1&apos;
Driver info: org.openqa.selenium.chrome.ChromeDriver
Capabilities {acceptInsecureCerts: false, browserName: chrome, browserVersion: 85.0.4183.83, chrome: {chromedriverVersion: 85.0.4183.87 (cd6713ebf92fa..., userDataDir: /var/folders/wz/dgqm41w90yg...}, goog:chromeOptions: {debuggerAddress: localhost:54760}, javascriptEnabled: true, networkConnectionEnabled: false, pageLoadStrategy: normal, platform: MAC, platformName: MAC, proxy: Proxy(), setWindowRect: true, strictFileInteractability: false, timeouts: {implicit: 0, pageLoad: 300000, script: 30000}, unhandledPromptBehavior: dismiss and notify, webauthn:virtualAuthenticators: true}
Session ID: 2d7fdf236553097c42c72ad5e77f616b
*** Element info: {Using=xpath, value=//a[contains(text(),&apos;BANK&apos;)]}
	at org.openqa.selenium.remote.http.W3CHttpResponseCodec.createException(W3CHttpResponseCodec.java:187)
	at org.openqa.selenium.remote.http.W3CHttpResponseCodec.decode(W3CHttpResponseCodec.java:122)
	at org.openqa.selenium.remote.http.W3CHttpResponseCodec.decode(W3CHttpResponseCodec.java:49)
	at org.openqa.selenium.remote.HttpCommandExecutor.execute(HttpCommandExecutor.java:158)
	at org.openqa.selenium.remote.service.DriverCommandExecutor.execute(DriverCommandExecutor.java:83)
	at org.openqa.selenium.remote.RemoteWebDriver.execute(RemoteWebDriver.java:552)
	at org.openqa.selenium.remote.RemoteWebDriver.findElement(RemoteWebDriver.java:323)
	at org.openqa.selenium.remote.RemoteWebDriver.findElementByXPath(RemoteWebDriver.java:428)
	at org.openqa.selenium.By$ByXPath.findElement(By.java:353)
	at org.openqa.selenium.remote.RemoteWebDriver.findElement(RemoteWebDriver.java:315)
	at org.openqa.selenium.support.pagefactory.DefaultElementLocator.findElement(DefaultElementLocator.java:69)
	at org.openqa.selenium.support.pagefactory.internal.LocatingElementHandler.invoke(LocatingElementHandler.java:38)
	at com.sun.proxy.$Proxy14.getWrappedElement(Unknown Source)
	at org.openqa.selenium.interactions.PointerInput$Origin.asArg(PointerInput.java:204)
	at org.openqa.selenium.interactions.PointerInput$Move.encode(PointerInput.java:155)
	at org.openqa.selenium.interactions.Sequence.encode(Sequence.java:75)
	at org.openqa.selenium.interactions.Sequence.toJson(Sequence.java:84)
	... 59 more
... Removed 41 stack frames
</div> <!-- stack-trace -->
                </div> <!-- method-content -->
              </div> <!-- method -->
            </div> <!-- main-panel-content rounded-window-bottom -->
          </div> <!-- suite-TestSuite-class-failed -->
          <div class="suite-TestSuite-class-failed">
            <div class="main-panel-header rounded-window-top">
              <img src="failed.png"/>
              <span class="class-name">regressionTest.BrokenLinksTest</span>
            </div> <!-- main-panel-header rounded-window-top -->
            <div class="main-panel-content rounded-window-bottom">
              <div class="method">
                <div class="method-content">
                  <a name="ebayLinksActivlinksTest">
                  </a> <!-- ebayLinksActivlinksTest -->
                  <span class="method-name">ebayLinksActivlinksTest</span>
                  <div class="stack-trace">org.openqa.selenium.NoSuchWindowException: no such window: window was already closed
  (Session info: chrome=85.0.4183.83)
Build info: version: &apos;3.141.59&apos;, revision: &apos;e82be7d358&apos;, time: &apos;2018-11-14T08:17:03&apos;
System info: host: &apos;MacBook-Pro-2.home&apos;, ip: &apos;fd4b:8d38:69ba:1:d141:bba4:860f:aef5%en0&apos;, os.name: &apos;Mac OS X&apos;, os.arch: &apos;x86_64&apos;, os.version: &apos;10.15.6&apos;, java.version: &apos;14.0.1&apos;
Driver info: org.openqa.selenium.chrome.ChromeDriver
Capabilities {acceptInsecureCerts: false, browserName: chrome, browserVersion: 85.0.4183.83, chrome: {chromedriverVersion: 85.0.4183.87 (cd6713ebf92fa..., userDataDir: /var/folders/wz/dgqm41w90yg...}, goog:chromeOptions: {debuggerAddress: localhost:54892}, javascriptEnabled: true, networkConnectionEnabled: false, pageLoadStrategy: normal, platform: MAC, platformName: MAC, proxy: Proxy(), setWindowRect: true, strictFileInteractability: false, timeouts: {implicit: 0, pageLoad: 300000, script: 30000}, unhandledPromptBehavior: dismiss and notify, webauthn:virtualAuthenticators: true}
Session ID: 3d5e65625682fe50bcab17b43d8ec130
	at org.openqa.selenium.remote.http.W3CHttpResponseCodec.createException(W3CHttpResponseCodec.java:187)
	at org.openqa.selenium.remote.http.W3CHttpResponseCodec.decode(W3CHttpResponseCodec.java:122)
	at org.openqa.selenium.remote.http.W3CHttpResponseCodec.decode(W3CHttpResponseCodec.java:49)
	at org.openqa.selenium.remote.HttpCommandExecutor.execute(HttpCommandExecutor.java:158)
	at org.openqa.selenium.remote.service.DriverCommandExecutor.execute(DriverCommandExecutor.java:83)
	at org.openqa.selenium.remote.RemoteWebDriver.execute(RemoteWebDriver.java:552)
	at org.openqa.selenium.remote.RemoteWebElement.execute(RemoteWebElement.java:285)
	at org.openqa.selenium.remote.RemoteWebElement.getAttribute(RemoteWebElement.java:134)
	at regression.BrokenLinks.linksbroken(BrokenLinks.java:47)
	at regressionTest.BrokenLinksTest.ebayLinksActivlinksTest(BrokenLinksTest.java:30)
	at java.base/java.util.ArrayList.forEach(ArrayList.java:1510)
... Removed 36 stack frames
</div> <!-- stack-trace -->
                </div> <!-- method-content -->
              </div> <!-- method -->
            </div> <!-- main-panel-content rounded-window-bottom -->
          </div> <!-- suite-TestSuite-class-failed -->
          <div class="suite-TestSuite-class-passed">
            <div class="main-panel-header rounded-window-top">
              <img src="passed.png"/>
              <span class="class-name">regressionTest.IFrameClassTest</span>
            </div> <!-- main-panel-header rounded-window-top -->
            <div class="main-panel-content rounded-window-bottom">
              <div class="method">
                <div class="method-content">
                  <a name="setIFrameTest">
                  </a> <!-- setIFrameTest -->
                  <span class="method-name">setIFrameTest</span>
                </div> <!-- method-content -->
              </div> <!-- method -->
            </div> <!-- main-panel-content rounded-window-bottom -->
          </div> <!-- suite-TestSuite-class-passed -->
          <div class="suite-TestSuite-class-passed">
            <div class="main-panel-header rounded-window-top">
              <img src="passed.png"/>
              <span class="class-name">homeTest.MotorsClassTest</span>
            </div> <!-- main-panel-header rounded-window-top -->
            <div class="main-panel-content rounded-window-bottom">
              <div class="method">
                <div class="method-content">
                  <a name="setBoatTest">
                  </a> <!-- setBoatTest -->
                  <span class="method-name">setBoatTest</span>
                </div> <!-- method-content -->
              </div> <!-- method -->
              <div class="method">
                <div class="method-content">
                  <a name="setBoatVerificationTest">
                  </a> <!-- setBoatVerificationTest -->
                  <span class="method-name">setBoatVerificationTest</span>
                </div> <!-- method-content -->
              </div> <!-- method -->
              <div class="method">
                <div class="method-content">
                  <a name="setClassicTest">
                  </a> <!-- setClassicTest -->
                  <span class="method-name">setClassicTest</span>
                </div> <!-- method-content -->
              </div> <!-- method -->
              <div class="method">
                <div class="method-content">
                  <a name="setClassicVerificationTest">
                  </a> <!-- setClassicVerificationTest -->
                  <span class="method-name">setClassicVerificationTest</span>
                </div> <!-- method-content -->
              </div> <!-- method -->
              <div class="method">
                <div class="method-content">
                  <a name="setMotorCycleVerificationTest">
                  </a> <!-- setMotorCycleVerificationTest -->
                  <span class="method-name">setMotorCycleVerificationTest</span>
                </div> <!-- method-content -->
              </div> <!-- method -->
              <div class="method">
                <div class="method-content">
                  <a name="setMotorCyclesTest">
                  </a> <!-- setMotorCyclesTest -->
                  <span class="method-name">setMotorCyclesTest</span>
                </div> <!-- method-content -->
              </div> <!-- method -->
            </div> <!-- main-panel-content rounded-window-bottom -->
          </div> <!-- suite-TestSuite-class-passed -->
          <div class="suite-TestSuite-class-passed">
            <div class="main-panel-header rounded-window-top">
              <img src="passed.png"/>
              <span class="class-name">regressionTest.NewWindowClassTest</span>
            </div> <!-- main-panel-header rounded-window-top -->
            <div class="main-panel-content rounded-window-bottom">
              <div class="method">
                <div class="method-content">
                  <a name="newWindowTest">
                  </a> <!-- newWindowTest -->
                  <span class="method-name">newWindowTest</span>
                </div> <!-- method-content -->
              </div> <!-- method -->
              <div class="method">
                <div class="method-content">
                  <a name="newWindowVerificationTest">
                  </a> <!-- newWindowVerificationTest -->
                  <span class="method-name">newWindowVerificationTest</span>
                </div> <!-- method-content -->
              </div> <!-- method -->
            </div> <!-- main-panel-content rounded-window-bottom -->
          </div> <!-- suite-TestSuite-class-passed -->
          <div class="suite-TestSuite-class-passed">
            <div class="main-panel-header rounded-window-top">
              <img src="passed.png"/>
              <span class="class-name">homeTest.HomeClassTest</span>
            </div> <!-- main-panel-header rounded-window-top -->
            <div class="main-panel-content rounded-window-bottom">
              <div class="method">
                <div class="method-content">
                  <a name="setLogoSignTest">
                  </a> <!-- setLogoSignTest -->
                  <span class="method-name">setLogoSignTest</span>
                </div> <!-- method-content -->
              </div> <!-- method -->
              <div class="method">
                <div class="method-content">
                  <a name="setLogoSignValidationTest">
                  </a> <!-- setLogoSignValidationTest -->
                  <span class="method-name">setLogoSignValidationTest</span>
                </div> <!-- method-content -->
              </div> <!-- method -->
            </div> <!-- main-panel-content rounded-window-bottom -->
          </div> <!-- suite-TestSuite-class-passed -->
        </div> <!-- panel TestSuite -->
        <div panel-name="test-xml-TestSuite" class="panel">
          <div class="main-panel-header rounded-window-top">
            <span class="header-content">/Users/ramdaneameur/IdeaProjects/general_Automation_Framework/Ebay/target/test-classes/EbayRunner.xml</span>
          </div> <!-- main-panel-header rounded-window-top -->
          <div class="main-panel-content rounded-window-bottom">
            <pre>
&lt;?xml version=&quot;1.0&quot; encoding=&quot;UTF-8&quot;?&gt;
&lt;!DOCTYPE suite SYSTEM &quot;https://testng.org/testng-1.0.dtd&quot;&gt;
&lt;suite name=&quot;TestSuite&quot; guice-stage=&quot;DEVELOPMENT&quot; verbose=&quot;0&quot;&gt;
  &lt;parameter name=&quot;useCloudEnv&quot; value=&quot;false&quot;/&gt;
  &lt;parameter name=&quot;os&quot; value=&quot;OS X&quot;/&gt;
  &lt;parameter name=&quot;os_version&quot; value=&quot;catalina&quot;/&gt;
  &lt;parameter name=&quot;browserVersion&quot; value=&quot;85&quot;/&gt;
  &lt;parameter name=&quot;browserName&quot; value=&quot;chrome&quot;/&gt;
  &lt;parameter name=&quot;cloudEnvName&quot; value=&quot;browserstack&quot;/&gt;
  &lt;parameter name=&quot;url&quot; value=&quot;https://www.ebay.com/&quot;/&gt;
  &lt;test thread-count=&quot;5&quot; name=&quot;Ebay Home&quot; verbose=&quot;0&quot;&gt;
    &lt;parameter name=&quot;browserVersion&quot; value=&quot;85&quot;/&gt;
    &lt;parameter name=&quot;browserName&quot; value=&quot;chrome&quot;/&gt;
    &lt;classes&gt;
      &lt;class name=&quot;homeTest.HomeClassTest&quot;/&gt;
      &lt;class name=&quot;homeTest.MotorsClassTest&quot;/&gt;
      &lt;class name=&quot;regressionTest.DragAndDropClassTest&quot;/&gt;
      &lt;class name=&quot;regressionTest.BrokenLinksTest&quot;/&gt;
      &lt;class name=&quot;regressionTest.NewWindowClassTest&quot;/&gt;
      &lt;class name=&quot;regressionTest.IFrameClassTest&quot;/&gt;
    &lt;/classes&gt;
  &lt;/test&gt; &lt;!-- Ebay Home --&gt;
&lt;/suite&gt; &lt;!-- TestSuite --&gt;
            </pre>
          </div> <!-- main-panel-content rounded-window-bottom -->
        </div> <!-- panel -->
        <div panel-name="testlist-TestSuite" class="panel">
          <div class="main-panel-header rounded-window-top">
            <span class="header-content">Tests for TestSuite</span>
          </div> <!-- main-panel-header rounded-window-top -->
          <div class="main-panel-content rounded-window-bottom">
            <ul>
              <li>
                <span class="test-name">Ebay Home (6 classes)</span>
              </li>
            </ul>
          </div> <!-- main-panel-content rounded-window-bottom -->
        </div> <!-- panel -->
        <div panel-name="group-TestSuite" class="panel">
          <div class="main-panel-header rounded-window-top">
            <span class="header-content">Groups for TestSuite</span>
          </div> <!-- main-panel-header rounded-window-top -->
          <div class="main-panel-content rounded-window-bottom">
          </div> <!-- main-panel-content rounded-window-bottom -->
        </div> <!-- panel -->
        <div panel-name="times-TestSuite" class="panel">
          <div class="main-panel-header rounded-window-top">
            <span class="header-content">Times for TestSuite</span>
          </div> <!-- main-panel-header rounded-window-top -->
          <div class="main-panel-content rounded-window-bottom">
            <div class="times-div">
              <script type="text/javascript">
suiteTableInitFunctions.push('tableData_TestSuite');
function tableData_TestSuite() {
var data = new google.visualization.DataTable();
data.addColumn('number', 'Number');
data.addColumn('string', 'Method');
data.addColumn('string', 'Class');
data.addColumn('number', 'Time (ms)');
data.addRows(14);
data.setCell(0, 0, 0)
data.setCell(0, 1, 'ebayLinksActivlinksTest')
data.setCell(0, 2, 'regressionTest.BrokenLinksTest')
data.setCell(0, 3, 142733);
data.setCell(1, 0, 1)
data.setCell(1, 1, 'setDragAndDropsValidationTest')
data.setCell(1, 2, 'regressionTest.DragAndDropClassTest')
data.setCell(1, 3, 10054);
data.setCell(2, 0, 2)
data.setCell(2, 1, 'setDragAndDropsTest')
data.setCell(2, 2, 'regressionTest.DragAndDropClassTest')
data.setCell(2, 3, 10049);
data.setCell(3, 0, 3)
data.setCell(3, 1, 'setMotorCyclesTest')
data.setCell(3, 2, 'homeTest.MotorsClassTest')
data.setCell(3, 3, 7830);
data.setCell(4, 0, 4)
data.setCell(4, 1, 'setMotorCycleVerificationTest')
data.setCell(4, 2, 'homeTest.MotorsClassTest')
data.setCell(4, 3, 7386);
data.setCell(5, 0, 5)
data.setCell(5, 1, 'setBoatTest')
data.setCell(5, 2, 'homeTest.MotorsClassTest')
data.setCell(5, 3, 7351);
data.setCell(6, 0, 6)
data.setCell(6, 1, 'setBoatVerificationTest')
data.setCell(6, 2, 'homeTest.MotorsClassTest')
data.setCell(6, 3, 7347);
data.setCell(7, 0, 7)
data.setCell(7, 1, 'setClassicVerificationTest')
data.setCell(7, 2, 'homeTest.MotorsClassTest')
data.setCell(7, 3, 6981);
data.setCell(8, 0, 8)
data.setCell(8, 1, 'setClassicTest')
data.setCell(8, 2, 'homeTest.MotorsClassTest')
data.setCell(8, 3, 6924);
data.setCell(9, 0, 9)
data.setCell(9, 1, 'newWindowVerificationTest')
data.setCell(9, 2, 'regressionTest.NewWindowClassTest')
data.setCell(9, 3, 6199);
data.setCell(10, 0, 10)
data.setCell(10, 1, 'newWindowTest')
data.setCell(10, 2, 'regressionTest.NewWindowClassTest')
data.setCell(10, 3, 5985);
data.setCell(11, 0, 11)
data.setCell(11, 1, 'setLogoSignValidationTest')
data.setCell(11, 2, 'homeTest.HomeClassTest')
data.setCell(11, 3, 5848);
data.setCell(12, 0, 12)
data.setCell(12, 1, 'setLogoSignTest')
data.setCell(12, 2, 'homeTest.HomeClassTest')
data.setCell(12, 3, 2760);
data.setCell(13, 0, 13)
data.setCell(13, 1, 'setIFrameTest')
data.setCell(13, 2, 'regressionTest.IFrameClassTest')
data.setCell(13, 3, 193);
window.suiteTableData['TestSuite']= { tableData: data, tableDiv: 'times-div-TestSuite'}
return data;
}
              </script>
              <span class="suite-total-time">Total running time: 3 minutes</span>
              <div id="times-div-TestSuite">
              </div> <!-- times-div-TestSuite -->
            </div> <!-- times-div -->
          </div> <!-- main-panel-content rounded-window-bottom -->
        </div> <!-- panel -->
        <div panel-name="reporter-TestSuite" class="panel">
          <div class="main-panel-header rounded-window-top">
            <span class="header-content">Reporter output for TestSuite</span>
          </div> <!-- main-panel-header rounded-window-top -->
          <div class="main-panel-content rounded-window-bottom">
            <div class="reporter-method-div">
              <span class="reporter-method-name">newWindowTest</span>
              <div class="reporter-method-output-div">
                <span class="reporter-method-output">NewWindowClassTest: new Window Test</span>
                <span class="reporter-method-output">NewWindowClassTest: new Window Test</span>
              </div> <!-- reporter-method-output-div -->
            </div> <!-- reporter-method-div -->
            <div class="reporter-method-div">
              <span class="reporter-method-name">setBoatVerificationTest</span>
              <div class="reporter-method-output-div">
                <span class="reporter-method-output">MotorsClassTest: set Boat Verification Test</span>
                <span class="reporter-method-output">MotorsClassTest: set Boat Test</span>
              </div> <!-- reporter-method-output-div -->
            </div> <!-- reporter-method-div -->
            <div class="reporter-method-div">
              <span class="reporter-method-name">setClassicVerificationTest</span>
              <div class="reporter-method-output-div">
                <span class="reporter-method-output">MotorsClassTest: set Classic Verification Test</span>
                <span class="reporter-method-output">MotorsClassTest: set Classic Test</span>
              </div> <!-- reporter-method-output-div -->
            </div> <!-- reporter-method-div -->
            <div class="reporter-method-div">
              <span class="reporter-method-name">newWindowVerificationTest</span>
              <div class="reporter-method-output-div">
                <span class="reporter-method-output">NewWindowClassTest: new Window Verification Test</span>
                <span class="reporter-method-output">NewWindowClassTest: new Window Verification Test</span>
                <span class="reporter-method-output">NewWindowClassTest: new Window Test</span>
                <span class="reporter-method-output">NewWindowClassTest: new Window Test</span>
              </div> <!-- reporter-method-output-div -->
            </div> <!-- reporter-method-div -->
            <div class="reporter-method-div">
              <span class="reporter-method-name">setLogoSignValidationTest</span>
              <div class="reporter-method-output-div">
                <span class="reporter-method-output">HomeClassTest: set Logo Sign Validation Test</span>
                <span class="reporter-method-output">HomeClassTest: set Logo Sign Test</span>
              </div> <!-- reporter-method-output-div -->
            </div> <!-- reporter-method-div -->
            <div class="reporter-method-div">
              <span class="reporter-method-name">setClassicTest</span>
              <div class="reporter-method-output-div">
                <span class="reporter-method-output">MotorsClassTest: set Classic Test</span>
              </div> <!-- reporter-method-output-div -->
            </div> <!-- reporter-method-div -->
            <div class="reporter-method-div">
              <span class="reporter-method-name">setMotorCycleVerificationTest</span>
              <div class="reporter-method-output-div">
                <span class="reporter-method-output">MotorsClassTest: set Motor Cycle Verification Test</span>
                <span class="reporter-method-output">MotorsClassTest: set Motor Cycles Test</span>
              </div> <!-- reporter-method-output-div -->
            </div> <!-- reporter-method-div -->
            <div class="reporter-method-div">
              <span class="reporter-method-name">setIFrameTest</span>
              <div class="reporter-method-output-div">
                <span class="reporter-method-output">IFrameClassTest: set I Frame Test</span>
              </div> <!-- reporter-method-output-div -->
            </div> <!-- reporter-method-div -->
            <div class="reporter-method-div">
              <span class="reporter-method-name">setLogoSignTest</span>
              <div class="reporter-method-output-div">
                <span class="reporter-method-output">HomeClassTest: set Logo Sign Test</span>
              </div> <!-- reporter-method-output-div -->
            </div> <!-- reporter-method-div -->
            <div class="reporter-method-div">
              <span class="reporter-method-name">setMotorCyclesTest</span>
              <div class="reporter-method-output-div">
                <span class="reporter-method-output">MotorsClassTest: set Motor Cycles Test</span>
              </div> <!-- reporter-method-output-div -->
            </div> <!-- reporter-method-div -->
            <div class="reporter-method-div">
              <span class="reporter-method-name">setBoatTest</span>
              <div class="reporter-method-output-div">
                <span class="reporter-method-output">MotorsClassTest: set Boat Test</span>
              </div> <!-- reporter-method-output-div -->
            </div> <!-- reporter-method-div -->
            <div class="reporter-method-div">
              <span class="reporter-method-name">ebayLinksActivlinksTest</span>
              <div class="reporter-method-output-div">
                <span class="reporter-method-output">BrokenLinksTest: ebay Links Activlinks Test</span>
              </div> <!-- reporter-method-output-div -->
            </div> <!-- reporter-method-div -->
            <div class="reporter-method-div">
              <span class="reporter-method-name">setDragAndDropsTest</span>
              <div class="reporter-method-output-div">
                <span class="reporter-method-output">DragAndDropClassTest: set Drag And Drops Test</span>
              </div> <!-- reporter-method-output-div -->
            </div> <!-- reporter-method-div -->
            <div class="reporter-method-div">
              <span class="reporter-method-name">setDragAndDropsValidationTest</span>
              <div class="reporter-method-output-div">
                <span class="reporter-method-output">DragAndDropClassTest: set Drag And Drops Validation Test</span>
                <span class="reporter-method-output">DragAndDropClassTest: set Drag And Drops Test</span>
              </div> <!-- reporter-method-output-div -->
            </div> <!-- reporter-method-div -->
          </div> <!-- main-panel-content rounded-window-bottom -->
        </div> <!-- panel -->
        <div panel-name="ignored-methods-TestSuite" class="panel">
          <div class="main-panel-header rounded-window-top">
            <span class="header-content">10 ignored methods</span>
          </div> <!-- main-panel-header rounded-window-top -->
          <div class="main-panel-content rounded-window-bottom">
            <div class="ignored-class-div">
              <span class="ignored-class-name">regressionTest.DragAndDropClassTest</span>
              <div class="ignored-methods-div">
                <span class="ignored-method-name">generateReport</span>
                <br/>
                <span class="ignored-method-name">extentSetup</span>
                <br/>
              </div> <!-- ignored-methods-div -->
            </div> <!-- ignored-class-div -->
            <div class="ignored-class-div">
              <span class="ignored-class-name">regressionTest.IFrameClassTest</span>
              <div class="ignored-methods-div">
                <span class="ignored-method-name">generateReport</span>
                <br/>
                <span class="ignored-method-name">extentSetup</span>
                <br/>
              </div> <!-- ignored-methods-div -->
            </div> <!-- ignored-class-div -->
            <div class="ignored-class-div">
              <span class="ignored-class-name">homeTest.MotorsClassTest</span>
              <div class="ignored-methods-div">
                <span class="ignored-method-name">generateReport</span>
                <br/>
                <span class="ignored-method-name">extentSetup</span>
                <br/>
              </div> <!-- ignored-methods-div -->
            </div> <!-- ignored-class-div -->
            <div class="ignored-class-div">
              <span class="ignored-class-name">regressionTest.BrokenLinksTest</span>
              <div class="ignored-methods-div">
                <span class="ignored-method-name">generateReport</span>
                <br/>
                <span class="ignored-method-name">extentSetup</span>
                <br/>
              </div> <!-- ignored-methods-div -->
            </div> <!-- ignored-class-div -->
            <div class="ignored-class-div">
              <span class="ignored-class-name">regressionTest.NewWindowClassTest</span>
              <div class="ignored-methods-div">
                <span class="ignored-method-name">generateReport</span>
                <br/>
                <span class="ignored-method-name">extentSetup</span>
                <br/>
              </div> <!-- ignored-methods-div -->
            </div> <!-- ignored-class-div -->
          </div> <!-- main-panel-content rounded-window-bottom -->
        </div> <!-- panel -->
        <div panel-name="chronological-TestSuite" class="panel">
          <div class="main-panel-header rounded-window-top">
            <span class="header-content">Methods in chronological order</span>
          </div> <!-- main-panel-header rounded-window-top -->
          <div class="main-panel-content rounded-window-bottom">
            <div class="chronological-class">
              <div class="chronological-class-name">homeTest.HomeClassTest</div> <!-- chronological-class-name -->
              <div class="configuration-suite before">
                <span class="method-name">extentSetup(org.testng.TestRunner@781a51d0)</span>
                <span class="method-start">0 ms</span>
              </div> <!-- configuration-suite before -->
              <div class="configuration-method before">
                <span class="method-name">setUp(false, browserstack, OS X, catalina, chrome, 85, https://www.ebay.com/)</span>
                <span class="method-start">149 ms</span>
              </div> <!-- configuration-method before -->
              <div class="configuration-method before">
                <span class="method-name">startExtent(public void homeTest.HomeClassTest.setLogoSignTest())</span>
                <span class="method-start">3141 ms</span>
              </div> <!-- configuration-method before -->
              <div class="configuration-method before">
                <span class="method-name">init</span>
                <span class="method-start">3145 ms</span>
              </div> <!-- configuration-method before -->
              <div class="test-method">
                <span class="method-name">setLogoSignTest</span>
                <span class="method-start">3163 ms</span>
              </div> <!-- test-method -->
              <div class="configuration-method after">
                <span class="method-name">afterEachTestMethod([TestResult name=setLogoSignTest status=SUCCESS method=HomeClassTest.setLogoSignTest()[pri:0, instan...)</span>
                <span class="method-start">5926 ms</span>
              </div> <!-- configuration-method after -->
              <div class="configuration-method after">
                <span class="method-name">cleanUp</span>
                <span class="method-start">6198 ms</span>
              </div> <!-- configuration-method after -->
              <div class="configuration-method before">
                <span class="method-name">setUp(false, browserstack, OS X, catalina, chrome, 85, https://www.ebay.com/)</span>
                <span class="method-start">6200 ms</span>
              </div> <!-- configuration-method before -->
              <div class="configuration-method before">
                <span class="method-name">startExtent(public void homeTest.HomeClassTest.setLogoSignValidationTest())</span>
                <span class="method-start">8170 ms</span>
              </div> <!-- configuration-method before -->
              <div class="configuration-method before">
                <span class="method-name">init</span>
                <span class="method-start">8171 ms</span>
              </div> <!-- configuration-method before -->
              <div class="test-method">
                <span class="method-name">setLogoSignValidationTest</span>
                <span class="method-start">8171 ms</span>
              </div> <!-- test-method -->
              <div class="configuration-method after">
                <span class="method-name">afterEachTestMethod([TestResult name=setLogoSignValidationTest status=SUCCESS method=HomeClassTest.setLogoSignValidation...)</span>
                <span class="method-start">14020 ms</span>
              </div> <!-- configuration-method after -->
              <div class="configuration-method after">
                <span class="method-name">cleanUp</span>
                <span class="method-start">14172 ms</span>
              </div> <!-- configuration-method after -->
            </div> <!-- chronological-class -->
            <div class="chronological-class">
              <div class="chronological-class-name">homeTest.MotorsClassTest</div> <!-- chronological-class-name -->
              <div class="configuration-method before">
                <span class="method-name">setUp(false, browserstack, OS X, catalina, chrome, 85, https://www.ebay.com/)</span>
                <span class="method-start">14173 ms</span>
              </div> <!-- configuration-method before -->
              <div class="configuration-method before">
                <span class="method-name">startExtent(public void homeTest.MotorsClassTest.setBoatTest())</span>
                <span class="method-start">16185 ms</span>
              </div> <!-- configuration-method before -->
              <div class="configuration-method before">
                <span class="method-name">init</span>
                <span class="method-start">16185 ms</span>
              </div> <!-- configuration-method before -->
              <div class="test-method">
                <span class="method-name">setBoatTest</span>
                <span class="method-start">16186 ms</span>
              </div> <!-- test-method -->
              <div class="configuration-method after">
                <span class="method-name">afterEachTestMethod([TestResult name=setBoatTest status=SUCCESS method=MotorsClassTest.setBoatTest()[pri:0, instance:hom...)</span>
                <span class="method-start">23537 ms</span>
              </div> <!-- configuration-method after -->
              <div class="configuration-method after">
                <span class="method-name">cleanUp</span>
                <span class="method-start">23681 ms</span>
              </div> <!-- configuration-method after -->
              <div class="configuration-method before">
                <span class="method-name">setUp(false, browserstack, OS X, catalina, chrome, 85, https://www.ebay.com/)</span>
                <span class="method-start">23682 ms</span>
              </div> <!-- configuration-method before -->
              <div class="configuration-method before">
                <span class="method-name">startExtent(public void homeTest.MotorsClassTest.setBoatVerificationTest())</span>
                <span class="method-start">25737 ms</span>
              </div> <!-- configuration-method before -->
              <div class="configuration-method before">
                <span class="method-name">init</span>
                <span class="method-start">25737 ms</span>
              </div> <!-- configuration-method before -->
              <div class="test-method">
                <span class="method-name">setBoatVerificationTest</span>
                <span class="method-start">25738 ms</span>
              </div> <!-- test-method -->
              <div class="configuration-method after">
                <span class="method-name">afterEachTestMethod([TestResult name=setBoatVerificationTest status=SUCCESS method=MotorsClassTest.setBoatVerificationTe...)</span>
                <span class="method-start">33086 ms</span>
              </div> <!-- configuration-method after -->
              <div class="configuration-method after">
                <span class="method-name">cleanUp</span>
                <span class="method-start">33226 ms</span>
              </div> <!-- configuration-method after -->
              <div class="configuration-method before">
                <span class="method-name">setUp(false, browserstack, OS X, catalina, chrome, 85, https://www.ebay.com/)</span>
                <span class="method-start">33227 ms</span>
              </div> <!-- configuration-method before -->
              <div class="configuration-method before">
                <span class="method-name">startExtent(public void homeTest.MotorsClassTest.setClassicTest())</span>
                <span class="method-start">35209 ms</span>
              </div> <!-- configuration-method before -->
              <div class="configuration-method before">
                <span class="method-name">init</span>
                <span class="method-start">35210 ms</span>
              </div> <!-- configuration-method before -->
              <div class="test-method">
                <span class="method-name">setClassicTest</span>
                <span class="method-start">35210 ms</span>
              </div> <!-- test-method -->
              <div class="configuration-method after">
                <span class="method-name">afterEachTestMethod([TestResult name=setClassicTest status=SUCCESS method=MotorsClassTest.setClassicTest()[pri:0, instan...)</span>
                <span class="method-start">42134 ms</span>
              </div> <!-- configuration-method after -->
              <div class="configuration-method after">
                <span class="method-name">cleanUp</span>
                <span class="method-start">42277 ms</span>
              </div> <!-- configuration-method after -->
              <div class="configuration-method before">
                <span class="method-name">setUp(false, browserstack, OS X, catalina, chrome, 85, https://www.ebay.com/)</span>
                <span class="method-start">42277 ms</span>
              </div> <!-- configuration-method before -->
              <div class="configuration-method before">
                <span class="method-name">startExtent(public void homeTest.MotorsClassTest.setClassicVerificationTest())</span>
                <span class="method-start">44651 ms</span>
              </div> <!-- configuration-method before -->
              <div class="configuration-method before">
                <span class="method-name">init</span>
                <span class="method-start">44652 ms</span>
              </div> <!-- configuration-method before -->
              <div class="test-method">
                <span class="method-name">setClassicVerificationTest</span>
                <span class="method-start">44652 ms</span>
              </div> <!-- test-method -->
              <div class="configuration-method after">
                <span class="method-name">afterEachTestMethod([TestResult name=setClassicVerificationTest status=SUCCESS method=MotorsClassTest.setClassicVerifica...)</span>
                <span class="method-start">51634 ms</span>
              </div> <!-- configuration-method after -->
              <div class="configuration-method after">
                <span class="method-name">cleanUp</span>
                <span class="method-start">51767 ms</span>
              </div> <!-- configuration-method after -->
              <div class="configuration-method before">
                <span class="method-name">setUp(false, browserstack, OS X, catalina, chrome, 85, https://www.ebay.com/)</span>
                <span class="method-start">51767 ms</span>
              </div> <!-- configuration-method before -->
              <div class="configuration-method before">
                <span class="method-name">startExtent(public void homeTest.MotorsClassTest.setMotorCycleVerificationTest())</span>
                <span class="method-start">54391 ms</span>
              </div> <!-- configuration-method before -->
              <div class="configuration-method before">
                <span class="method-name">init</span>
                <span class="method-start">54391 ms</span>
              </div> <!-- configuration-method before -->
              <div class="test-method">
                <span class="method-name">setMotorCycleVerificationTest</span>
                <span class="method-start">54392 ms</span>
              </div> <!-- test-method -->
              <div class="configuration-method after">
                <span class="method-name">afterEachTestMethod([TestResult name=setMotorCycleVerificationTest status=SUCCESS method=MotorsClassTest.setMotorCycleVe...)</span>
                <span class="method-start">61778 ms</span>
              </div> <!-- configuration-method after -->
              <div class="configuration-method after">
                <span class="method-name">cleanUp</span>
                <span class="method-start">61920 ms</span>
              </div> <!-- configuration-method after -->
              <div class="configuration-method before">
                <span class="method-name">setUp(false, browserstack, OS X, catalina, chrome, 85, https://www.ebay.com/)</span>
                <span class="method-start">61920 ms</span>
              </div> <!-- configuration-method before -->
              <div class="configuration-method before">
                <span class="method-name">startExtent(public void homeTest.MotorsClassTest.setMotorCyclesTest())</span>
                <span class="method-start">63969 ms</span>
              </div> <!-- configuration-method before -->
              <div class="configuration-method before">
                <span class="method-name">init</span>
                <span class="method-start">63970 ms</span>
              </div> <!-- configuration-method before -->
              <div class="test-method">
                <span class="method-name">setMotorCyclesTest</span>
                <span class="method-start">63971 ms</span>
              </div> <!-- test-method -->
              <div class="configuration-method after">
                <span class="method-name">afterEachTestMethod([TestResult name=setMotorCyclesTest status=SUCCESS method=MotorsClassTest.setMotorCyclesTest()[pri:0...)</span>
                <span class="method-start">71801 ms</span>
              </div> <!-- configuration-method after -->
              <div class="configuration-method after">
                <span class="method-name">cleanUp</span>
                <span class="method-start">71939 ms</span>
              </div> <!-- configuration-method after -->
            </div> <!-- chronological-class -->
            <div class="chronological-class">
              <div class="chronological-class-name">regressionTest.DragAndDropClassTest</div> <!-- chronological-class-name -->
              <div class="configuration-method before">
                <span class="method-name">setUp(false, browserstack, OS X, catalina, chrome, 85, https://www.ebay.com/)</span>
                <span class="method-start">71940 ms</span>
              </div> <!-- configuration-method before -->
              <div class="configuration-method before">
                <span class="method-name">startExtent(public void regressionTest.DragAndDropClassTest.setDragAndDropsTest())</span>
                <span class="method-start">73812 ms</span>
              </div> <!-- configuration-method before -->
              <div class="configuration-method before">
                <span class="method-name">init</span>
                <span class="method-start">73812 ms</span>
              </div> <!-- configuration-method before -->
              <div class="test-method">
                <img src="failed.png">
                </img>
                <span class="method-name">setDragAndDropsTest</span>
                <span class="method-start">73815 ms</span>
              </div> <!-- test-method -->
              <div class="configuration-method after">
                <span class="method-name">afterEachTestMethod([TestResult name=setDragAndDropsTest status=FAILURE method=DragAndDropClassTest.setDragAndDropsTest(...)</span>
                <span class="method-start">83870 ms</span>
              </div> <!-- configuration-method after -->
              <div class="configuration-method after">
                <span class="method-name">cleanUp</span>
                <span class="method-start">85329 ms</span>
              </div> <!-- configuration-method after -->
              <div class="configuration-method before">
                <span class="method-name">setUp(false, browserstack, OS X, catalina, chrome, 85, https://www.ebay.com/)</span>
                <span class="method-start">85330 ms</span>
              </div> <!-- configuration-method before -->
              <div class="configuration-method before">
                <span class="method-name">startExtent(public void regressionTest.DragAndDropClassTest.setDragAndDropsValidationTest())</span>
                <span class="method-start">87726 ms</span>
              </div> <!-- configuration-method before -->
              <div class="configuration-method before">
                <span class="method-name">init</span>
                <span class="method-start">87727 ms</span>
              </div> <!-- configuration-method before -->
              <div class="test-method">
                <img src="failed.png">
                </img>
                <span class="method-name">setDragAndDropsValidationTest</span>
                <span class="method-start">87727 ms</span>
              </div> <!-- test-method -->
              <div class="configuration-method after">
                <span class="method-name">afterEachTestMethod([TestResult name=setDragAndDropsValidationTest status=FAILURE method=DragAndDropClassTest.setDragAnd...)</span>
                <span class="method-start">97781 ms</span>
              </div> <!-- configuration-method after -->
              <div class="configuration-method after">
                <span class="method-name">cleanUp</span>
                <span class="method-start">99038 ms</span>
              </div> <!-- configuration-method after -->
            </div> <!-- chronological-class -->
            <div class="chronological-class">
              <div class="chronological-class-name">regressionTest.BrokenLinksTest</div> <!-- chronological-class-name -->
              <div class="configuration-method before">
                <span class="method-name">setUp(false, browserstack, OS X, catalina, chrome, 85, https://www.ebay.com/)</span>
                <span class="method-start">99039 ms</span>
              </div> <!-- configuration-method before -->
              <div class="configuration-method before">
                <span class="method-name">startExtent(public void regressionTest.BrokenLinksTest.ebayLinksActivlinksTest() throws java.io.IOException)</span>
                <span class="method-start">101370 ms</span>
              </div> <!-- configuration-method before -->
              <div class="configuration-method before">
                <span class="method-name">init</span>
                <span class="method-start">101370 ms</span>
              </div> <!-- configuration-method before -->
              <div class="test-method">
                <img src="failed.png">
                </img>
                <span class="method-name">ebayLinksActivlinksTest</span>
                <span class="method-start">102404 ms</span>
              </div> <!-- test-method -->
              <div class="configuration-method after">
                <img src="failed.png">
                </img>
                <span class="method-name">afterEachTestMethod([TestResult name=ebayLinksActivlinksTest status=FAILURE method=BrokenLinksTest.ebayLinksActivlinksTe...)</span>
                <span class="method-start">245137 ms</span>
              </div> <!-- configuration-method after -->
              <div class="configuration-method after">
                <span class="method-name">cleanUp</span>
                <span class="method-start">245168 ms</span>
              </div> <!-- configuration-method after -->
            </div> <!-- chronological-class -->
            <div class="chronological-class">
              <div class="chronological-class-name">regressionTest.NewWindowClassTest</div> <!-- chronological-class-name -->
              <div class="configuration-method before">
                <span class="method-name">setUp(false, browserstack, OS X, catalina, chrome, 85, https://www.ebay.com/)</span>
                <span class="method-start">245317 ms</span>
              </div> <!-- configuration-method before -->
              <div class="configuration-method before">
                <span class="method-name">startExtent(public void regressionTest.NewWindowClassTest.newWindowTest())</span>
                <span class="method-start">247539 ms</span>
              </div> <!-- configuration-method before -->
              <div class="configuration-method before">
                <span class="method-name">init</span>
                <span class="method-start">247539 ms</span>
              </div> <!-- configuration-method before -->
              <div class="test-method">
                <span class="method-name">newWindowTest</span>
                <span class="method-start">247541 ms</span>
              </div> <!-- test-method -->
              <div class="configuration-method after">
                <span class="method-name">afterEachTestMethod([TestResult name=newWindowTest status=SUCCESS method=NewWindowClassTest.newWindowTest()[pri:0, insta...)</span>
                <span class="method-start">253527 ms</span>
              </div> <!-- configuration-method after -->
              <div class="configuration-method after">
                <span class="method-name">cleanUp</span>
                <span class="method-start">253651 ms</span>
              </div> <!-- configuration-method after -->
              <div class="configuration-method before">
                <span class="method-name">setUp(false, browserstack, OS X, catalina, chrome, 85, https://www.ebay.com/)</span>
                <span class="method-start">253652 ms</span>
              </div> <!-- configuration-method before -->
              <div class="configuration-method before">
                <span class="method-name">startExtent(public void regressionTest.NewWindowClassTest.newWindowVerificationTest())</span>
                <span class="method-start">255600 ms</span>
              </div> <!-- configuration-method before -->
              <div class="configuration-method before">
                <span class="method-name">init</span>
                <span class="method-start">255600 ms</span>
              </div> <!-- configuration-method before -->
              <div class="test-method">
                <span class="method-name">newWindowVerificationTest</span>
                <span class="method-start">255601 ms</span>
              </div> <!-- test-method -->
              <div class="configuration-method after">
                <span class="method-name">afterEachTestMethod([TestResult name=newWindowVerificationTest status=SUCCESS method=NewWindowClassTest.newWindowVerific...)</span>
                <span class="method-start">261801 ms</span>
              </div> <!-- configuration-method after -->
              <div class="configuration-method after">
                <span class="method-name">cleanUp</span>
                <span class="method-start">261930 ms</span>
              </div> <!-- configuration-method after -->
            </div> <!-- chronological-class -->
            <div class="chronological-class">
              <div class="chronological-class-name">regressionTest.IFrameClassTest</div> <!-- chronological-class-name -->
              <div class="configuration-method before">
                <span class="method-name">setUp(false, browserstack, OS X, catalina, chrome, 85, https://www.ebay.com/)</span>
                <span class="method-start">261930 ms</span>
              </div> <!-- configuration-method before -->
              <div class="configuration-method before">
                <span class="method-name">startExtent(public void regressionTest.IFrameClassTest.setIFrameTest())</span>
                <span class="method-start">263930 ms</span>
              </div> <!-- configuration-method before -->
              <div class="configuration-method before">
                <span class="method-name">init</span>
                <span class="method-start">263931 ms</span>
              </div> <!-- configuration-method before -->
              <div class="test-method">
                <span class="method-name">setIFrameTest</span>
                <span class="method-start">263932 ms</span>
              </div> <!-- test-method -->
              <div class="configuration-method after">
                <span class="method-name">afterEachTestMethod([TestResult name=setIFrameTest status=SUCCESS method=IFrameClassTest.setIFrameTest()[pri:0, instance...)</span>
                <span class="method-start">264125 ms</span>
              </div> <!-- configuration-method after -->
              <div class="configuration-method after">
                <span class="method-name">cleanUp</span>
                <span class="method-start">264238 ms</span>
              </div> <!-- configuration-method after -->
            </div> <!-- chronological-class -->
            <div class="chronological-class">
              <div class="chronological-class-name">homeTest.HomeClassTest</div> <!-- chronological-class-name -->
              <div class="configuration-suite after">
                <span class="method-name">generateReport</span>
                <span class="method-start">264279 ms</span>
              </div> <!-- configuration-suite after -->
          </div> <!-- main-panel-content rounded-window-bottom -->
        </div> <!-- panel -->
      </div> <!-- main-panel-root -->
    </div> <!-- wrapper -->
  </body>
</html>
